\BOOKMARK [1][-]{section.1}{\376\377\000E\000i\000n\000l\000e\000i\000t\000u\000n\000g}{}% 1
\BOOKMARK [2][-]{subsection.1.1}{\376\377\000D\000e\000r\000\040\000A\000u\000s\000b\000i\000l\000d\000u\000n\000g\000s\000b\000e\000t\000r\000i\000e\000b}{section.1}% 2
\BOOKMARK [2][-]{subsection.1.2}{\376\377\000Z\000i\000e\000l\000s\000e\000t\000z\000u\000n\000g\000\040\000d\000e\000s\000\040\000P\000r\000o\000j\000e\000k\000t\000s}{section.1}% 3
\BOOKMARK [2][-]{subsection.1.3}{\376\377\000W\000a\000s\000\040\000i\000s\000t\000\040\000C\000O\000S\000P\000A\000R\000?}{section.1}% 4
\BOOKMARK [2][-]{subsection.1.4}{\376\377\000D\000i\000e\000\040\000R\000o\000l\000l\000e\000\040\000d\000e\000r\000\040\000M\000S\000O\000s\000\040\000u\000n\000d\000\040\000D\000O\000s\000\040\000i\000m\000\040\000C\000O\000S\000P\000A\000R\000-\000P\000r\000o\000z\000e\000s\000s}{section.1}% 5
\BOOKMARK [2][-]{subsection.1.5}{\376\377\000P\000r\000o\000b\000l\000e\000m\000s\000t\000e\000l\000l\000u\000n\000g\000\040\000d\000e\000r\000\040\000a\000k\000t\000u\000e\000l\000l\000e\000n\000\040\000K\000o\000m\000m\000u\000n\000i\000k\000a\000t\000i\000o\000n}{section.1}% 6
\BOOKMARK [1][-]{section.2}{\376\377\000A\000n\000f\000o\000r\000d\000e\000r\000u\000n\000g\000s\000a\000n\000a\000l\000y\000s\000e}{}% 7
\BOOKMARK [2][-]{subsection.2.1}{\376\377\000I\000s\000t\000-\000A\000n\000a\000l\000y\000s\000e}{section.2}% 8
\BOOKMARK [3][-]{subsubsection.2.1.1}{\376\377\000A\000k\000t\000u\000e\000l\000l\000e\000\040\000K\000o\000m\000m\000u\000n\000i\000k\000a\000t\000i\000o\000n\000s\000w\000e\000i\000s\000e\000\040\000d\000e\000r\000\040\000M\000S\000O\000s\000/\000D\000O\000s}{subsection.2.1}% 9
\BOOKMARK [3][-]{subsubsection.2.1.2}{\376\377\000P\000r\000o\000b\000l\000e\000m\000e\000\040\000u\000n\000d\000\040\000S\000c\000h\000w\000a\000c\000h\000s\000t\000e\000l\000l\000e\000n\000\040\000d\000e\000s\000\040\000m\000a\000n\000u\000e\000l\000l\000e\000n\000\040\000E\000-\000M\000a\000i\000l\000-\000V\000e\000r\000s\000a\000n\000d\000s}{subsection.2.1}% 10
\BOOKMARK [3][-]{subsubsection.2.1.3}{\376\377\000Z\000e\000i\000t\000a\000u\000f\000w\000a\000n\000d\000\040\000u\000n\000d\000\040\000F\000e\000h\000l\000e\000r\000q\000u\000e\000l\000l\000e\000n}{subsection.2.1}% 11
\BOOKMARK [2][-]{subsection.2.2}{\376\377\000S\000o\000l\000l\000-\000A\000n\000a\000l\000y\000s\000e}{section.2}% 12
\BOOKMARK [3][-]{subsubsection.2.2.1}{\376\377\000F\000u\000n\000k\000t\000i\000o\000n\000a\000l\000e\000\040\000A\000n\000f\000o\000r\000d\000e\000r\000u\000n\000g\000e\000n}{subsection.2.2}% 13
\BOOKMARK [3][-]{subsubsection.2.2.2}{\376\377\000N\000i\000c\000h\000t\000-\000f\000u\000n\000k\000t\000i\000o\000n\000a\000l\000e\000\040\000A\000n\000f\000o\000r\000d\000e\000r\000u\000n\000g\000e\000n}{subsection.2.2}% 14
\BOOKMARK [3][-]{subsubsection.2.2.3}{\376\377\000B\000e\000n\000u\000t\000z\000e\000r\000a\000n\000f\000o\000r\000d\000e\000r\000u\000n\000g\000e\000n}{subsection.2.2}% 15
\BOOKMARK [2][-]{subsection.2.3}{\376\377\000W\000i\000r\000t\000s\000c\000h\000a\000f\000t\000l\000i\000c\000h\000k\000e\000i\000t\000s\000b\000e\000t\000r\000a\000c\000h\000t\000u\000n\000g}{section.2}% 16
\BOOKMARK [2][-]{subsection.2.4}{\376\377\000S\000t\000a\000k\000e\000h\000o\000l\000d\000e\000r\000-\000A\000n\000a\000l\000y\000s\000e}{section.2}% 17
\BOOKMARK [1][-]{section.3}{\376\377\000E\000n\000t\000w\000u\000r\000f\000s\000p\000h\000a\000s\000e}{}% 18
\BOOKMARK [2][-]{subsection.3.1}{\376\377\000S\000y\000s\000t\000e\000m\000a\000r\000c\000h\000i\000t\000e\000k\000t\000u\000r}{section.3}% 19
\BOOKMARK [3][-]{subsubsection.3.1.1}{\376\377\000A\000n\000a\000l\000y\000s\000e\000\040\000d\000e\000r\000\040\000b\000e\000s\000t\000e\000h\000e\000n\000d\000e\000n\000\040\000C\000O\000S\000P\000A\000R\000-\000D\000a\000t\000e\000n\000b\000a\000n\000k}{subsection.3.1}% 20
\BOOKMARK [3][-]{subsubsection.3.1.2}{\376\377\000I\000n\000t\000e\000g\000r\000a\000t\000i\000o\000n\000\040\000i\000n\000\040\000d\000i\000e\000\040\000b\000e\000s\000t\000e\000h\000e\000n\000d\000e\000\040\000I\000n\000f\000r\000a\000s\000t\000r\000u\000k\000t\000u\000r}{subsection.3.1}% 21
\BOOKMARK [3][-]{subsubsection.3.1.3}{\376\377\000D\000a\000t\000e\000n\000b\000a\000n\000k\000s\000c\000h\000e\000m\000a\000\040\000f\000\374\000r\000\040\000K\000o\000m\000m\000u\000n\000i\000k\000a\000t\000i\000o\000n\000s\000s\000y\000s\000t\000e\000m}{subsection.3.1}% 22
\BOOKMARK [2][-]{subsection.3.2}{\376\377\000T\000e\000c\000h\000n\000i\000s\000c\000h\000e\000\040\000A\000r\000c\000h\000i\000t\000e\000k\000t\000u\000r}{section.3}% 23
\BOOKMARK [3][-]{subsubsection.3.2.1}{\376\377\000F\000r\000o\000n\000t\000e\000n\000d\000-\000A\000r\000c\000h\000i\000t\000e\000k\000t\000u\000r\000\040\000\050\000H\000T\000M\000L\000,\000\040\000C\000S\000S\000,\000\040\000J\000a\000v\000a\000S\000c\000r\000i\000p\000t\000\051}{subsection.3.2}% 24
\BOOKMARK [3][-]{subsubsection.3.2.2}{\376\377\000B\000a\000c\000k\000e\000n\000d\000-\000A\000r\000c\000h\000i\000t\000e\000k\000t\000u\000r\000\040\000\050\000P\000H\000P\000,\000\040\000M\000y\000S\000Q\000L\000\051}{subsection.3.2}% 25
\BOOKMARK [3][-]{subsubsection.3.2.3}{\376\377\000E\000-\000M\000a\000i\000l\000-\000I\000n\000t\000e\000g\000r\000a\000t\000i\000o\000n\000\040\000u\000n\000d\000\040\000S\000M\000T\000P\000-\000K\000o\000n\000f\000i\000g\000u\000r\000a\000t\000i\000o\000n}{subsection.3.2}% 26
\BOOKMARK [2][-]{subsection.3.3}{\376\377\000K\000o\000n\000z\000e\000p\000t\000i\000o\000n\000\040\000d\000e\000r\000\040\000F\000e\000a\000t\000u\000r\000e\000s}{section.3}% 27
\BOOKMARK [3][-]{subsubsection.3.3.1}{\376\377\000M\000S\000O\000/\000D\000O\000-\000D\000a\000s\000h\000b\000o\000a\000r\000d}{subsection.3.3}% 28
\BOOKMARK [3][-]{subsubsection.3.3.2}{\376\377\000A\000u\000t\000o\000r\000e\000n\000l\000i\000s\000t\000e\000n\000-\000M\000a\000n\000a\000g\000e\000m\000e\000n\000t}{subsection.3.3}% 29
\BOOKMARK [3][-]{subsubsection.3.3.3}{\376\377\000F\000i\000l\000t\000e\000r\000-\000\040\000u\000n\000d\000\040\000G\000r\000u\000p\000p\000i\000e\000r\000u\000n\000g\000s\000f\000u\000n\000k\000t\000i\000o\000n\000e\000n}{subsection.3.3}% 30
\BOOKMARK [3][-]{subsubsection.3.3.4}{\376\377\000E\000-\000M\000a\000i\000l\000-\000K\000o\000m\000p\000o\000s\000i\000t\000i\000o\000n\000s\000s\000y\000s\000t\000e\000m}{subsection.3.3}% 31
\BOOKMARK [3][-]{subsubsection.3.3.5}{\376\377\000B\000u\000l\000k\000-\000E\000-\000M\000a\000i\000l\000-\000F\000u\000n\000k\000t\000i\000o\000n\000a\000l\000i\000t\000\344\000t}{subsection.3.3}% 32
\BOOKMARK [3][-]{subsubsection.3.3.6}{\376\377\000E\000-\000M\000a\000i\000l\000-\000V\000o\000r\000l\000a\000g\000e\000n\000\040\000u\000n\000d\000\040\000T\000e\000m\000p\000l\000a\000t\000e\000s}{subsection.3.3}% 33
\BOOKMARK [2][-]{subsection.3.4}{\376\377\000U\000I\000/\000U\000X\000\040\000D\000e\000s\000i\000g\000n}{section.3}% 34
\BOOKMARK [3][-]{subsubsection.3.4.1}{\376\377\000W\000i\000r\000e\000f\000r\000a\000m\000e\000s\000\040\000u\000n\000d\000\040\000M\000o\000c\000k\000u\000p\000s}{subsection.3.4}% 35
\BOOKMARK [3][-]{subsubsection.3.4.2}{\376\377\000R\000e\000s\000p\000o\000n\000s\000i\000v\000e\000s\000\040\000D\000e\000s\000i\000g\000n\000k\000o\000n\000z\000e\000p\000t}{subsection.3.4}% 36
\BOOKMARK [3][-]{subsubsection.3.4.3}{\376\377\000B\000e\000n\000u\000t\000z\000e\000r\000f\000r\000e\000u\000n\000d\000l\000i\000c\000h\000k\000e\000i\000t\000\040\000u\000n\000d\000\040\000A\000c\000c\000e\000s\000s\000i\000b\000i\000l\000i\000t\000y}{subsection.3.4}% 37
\BOOKMARK [2][-]{subsection.3.5}{\376\377\000S\000i\000c\000h\000e\000r\000h\000e\000i\000t\000s\000k\000o\000n\000z\000e\000p\000t}{section.3}% 38
\BOOKMARK [3][-]{subsubsection.3.5.1}{\376\377\000A\000u\000t\000h\000e\000n\000t\000i\000f\000i\000z\000i\000e\000r\000u\000n\000g\000\040\000u\000n\000d\000\040\000A\000u\000t\000o\000r\000i\000s\000i\000e\000r\000u\000n\000g}{subsection.3.5}% 39
\BOOKMARK [3][-]{subsubsection.3.5.2}{\376\377\000D\000a\000t\000e\000n\000s\000c\000h\000u\000t\000z\000\040\000u\000n\000d\000\040\000D\000S\000G\000V\000O\000-\000K\000o\000n\000f\000o\000r\000m\000i\000t\000\344\000t}{subsection.3.5}% 40
\BOOKMARK [3][-]{subsubsection.3.5.3}{\376\377\000E\000-\000M\000a\000i\000l\000-\000S\000i\000c\000h\000e\000r\000h\000e\000i\000t}{subsection.3.5}% 41
\BOOKMARK [2][-]{subsection.3.6}{\376\377\000P\000r\000o\000j\000e\000k\000t\000p\000l\000a\000n\000u\000n\000g}{section.3}% 42
\BOOKMARK [3][-]{subsubsection.3.6.1}{\376\377\000Z\000e\000i\000t\000p\000l\000a\000n\000\040\000u\000n\000d\000\040\000M\000e\000i\000l\000e\000n\000s\000t\000e\000i\000n\000e}{subsection.3.6}% 43
\BOOKMARK [3][-]{subsubsection.3.6.2}{\376\377\000R\000i\000s\000i\000k\000o\000m\000a\000n\000a\000g\000e\000m\000e\000n\000t}{subsection.3.6}% 44
\BOOKMARK [1][-]{section.4}{\376\377\000P\000r\000o\000j\000e\000k\000t\000d\000u\000r\000c\000h\000f\000\374\000h\000r\000u\000n\000g}{}% 45
\BOOKMARK [2][-]{subsection.4.1}{\376\377\000E\000n\000t\000w\000i\000c\000k\000l\000u\000n\000g\000s\000u\000m\000g\000e\000b\000u\000n\000g\000\040\000e\000i\000n\000r\000i\000c\000h\000t\000e\000n}{section.4}% 46
\BOOKMARK [3][-]{subsubsection.4.1.1}{\376\377\000S\000e\000r\000v\000e\000r\000-\000S\000e\000t\000u\000p\000\040\000u\000n\000d\000\040\000K\000o\000n\000f\000i\000g\000u\000r\000a\000t\000i\000o\000n}{subsection.4.1}% 47
\BOOKMARK [3][-]{subsubsection.4.1.2}{\376\377\000D\000a\000t\000e\000n\000b\000a\000n\000k\000-\000I\000n\000s\000t\000a\000l\000l\000a\000t\000i\000o\000n\000\040\000u\000n\000d\000\040\000-\000k\000o\000n\000f\000i\000g\000u\000r\000a\000t\000i\000o\000n}{subsection.4.1}% 48
\BOOKMARK [3][-]{subsubsection.4.1.3}{\376\377\000D\000e\000v\000e\000l\000o\000p\000m\000e\000n\000t\000-\000T\000o\000o\000l\000s\000\040\000u\000n\000d\000\040\000I\000D\000E\000-\000S\000e\000t\000u\000p}{subsection.4.1}% 49
\BOOKMARK [2][-]{subsection.4.2}{\376\377\000D\000a\000t\000e\000n\000b\000a\000n\000k\000e\000n\000t\000w\000i\000c\000k\000l\000u\000n\000g}{section.4}% 50
\BOOKMARK [3][-]{subsubsection.4.2.1}{\376\377\000E\000r\000w\000e\000i\000t\000e\000r\000u\000n\000g\000\040\000d\000e\000r\000\040\000b\000e\000s\000t\000e\000h\000e\000n\000d\000e\000n\000\040\000C\000O\000S\000P\000A\000R\000-\000D\000a\000t\000e\000n\000b\000a\000n\000k}{subsection.4.2}% 51
\BOOKMARK [3][-]{subsubsection.4.2.2}{\376\377\000T\000a\000b\000e\000l\000l\000e\000n\000\040\000f\000\374\000r\000\040\000E\000-\000M\000a\000i\000l\000-\000S\000y\000s\000t\000e\000m}{subsection.4.2}% 52
\BOOKMARK [3][-]{subsubsection.4.2.3}{\376\377\000S\000t\000o\000r\000e\000d\000\040\000P\000r\000o\000c\000e\000d\000u\000r\000e\000s\000\040\000u\000n\000d\000\040\000V\000i\000e\000w\000s}{subsection.4.2}% 53
\BOOKMARK [3][-]{subsubsection.4.2.4}{\376\377\000D\000a\000t\000e\000n\000b\000a\000n\000k\000-\000O\000p\000t\000i\000m\000i\000e\000r\000u\000n\000g}{subsection.4.2}% 54
\BOOKMARK [2][-]{subsection.4.3}{\376\377\000B\000a\000c\000k\000e\000n\000d\000-\000I\000m\000p\000l\000e\000m\000e\000n\000t\000i\000e\000r\000u\000n\000g}{section.4}% 55
\BOOKMARK [3][-]{subsubsection.4.3.1}{\376\377\000P\000H\000P\000-\000F\000r\000a\000m\000e\000w\000o\000r\000k\000-\000S\000e\000t\000u\000p}{subsection.4.3}% 56
\BOOKMARK [3][-]{subsubsection.4.3.2}{\376\377\000D\000a\000t\000e\000n\000b\000a\000n\000k\000z\000u\000g\000r\000i\000f\000f\000e\000\040\000u\000n\000d\000\040\000D\000A\000O\000-\000P\000a\000t\000t\000e\000r\000n}{subsection.4.3}% 57
\BOOKMARK [3][-]{subsubsection.4.3.3}{\376\377\000M\000S\000O\000/\000D\000O\000-\000A\000u\000t\000h\000e\000n\000t\000i\000f\000i\000z\000i\000e\000r\000u\000n\000g}{subsection.4.3}% 58
\BOOKMARK [3][-]{subsubsection.4.3.4}{\376\377\000A\000u\000t\000o\000r\000e\000n\000f\000i\000l\000t\000e\000r\000-\000L\000o\000g\000i\000k}{subsection.4.3}% 59
\BOOKMARK [3][-]{subsubsection.4.3.5}{\376\377\000E\000-\000M\000a\000i\000l\000-\000S\000e\000r\000v\000i\000c\000e\000-\000I\000m\000p\000l\000e\000m\000e\000n\000t\000i\000e\000r\000u\000n\000g}{subsection.4.3}% 60
\BOOKMARK [3][-]{subsubsection.4.3.6}{\376\377\000S\000M\000T\000P\000-\000I\000n\000t\000e\000g\000r\000a\000t\000i\000o\000n}{subsection.4.3}% 61
\BOOKMARK [3][-]{subsubsection.4.3.7}{\376\377\000B\000u\000l\000k\000-\000E\000-\000M\000a\000i\000l\000-\000V\000e\000r\000a\000r\000b\000e\000i\000t\000u\000n\000g\000s\000l\000o\000g\000i\000k}{subsection.4.3}% 62
\BOOKMARK [2][-]{subsection.4.4}{\376\377\000F\000r\000o\000n\000t\000e\000n\000d\000-\000I\000m\000p\000l\000e\000m\000e\000n\000t\000i\000e\000r\000u\000n\000g}{section.4}% 63
\BOOKMARK [3][-]{subsubsection.4.4.1}{\376\377\000H\000T\000M\000L\000-\000S\000t\000r\000u\000k\000t\000u\000r\000\040\000u\000n\000d\000\040\000L\000a\000y\000o\000u\000t}{subsection.4.4}% 64
\BOOKMARK [3][-]{subsubsection.4.4.2}{\376\377\000C\000S\000S\000-\000S\000t\000y\000l\000i\000n\000g\000\040\000u\000n\000d\000\040\000R\000e\000s\000p\000o\000n\000s\000i\000v\000e\000\040\000D\000e\000s\000i\000g\000n}{subsection.4.4}% 65
\BOOKMARK [3][-]{subsubsection.4.4.3}{\376\377\000J\000a\000v\000a\000S\000c\000r\000i\000p\000t\000-\000F\000u\000n\000k\000t\000i\000o\000n\000a\000l\000i\000t\000\344\000t\000e\000n}{subsection.4.4}% 66
\BOOKMARK [3][-]{subsubsection.4.4.4}{\376\377\000A\000J\000A\000X\000-\000I\000m\000p\000l\000e\000m\000e\000n\000t\000i\000e\000r\000u\000n\000g\000\040\000f\000\374\000r\000\040\000d\000y\000n\000a\000m\000i\000s\000c\000h\000e\000\040\000I\000n\000h\000a\000l\000t\000e}{subsection.4.4}% 67
\BOOKMARK [3][-]{subsubsection.4.4.5}{\376\377\000A\000u\000t\000o\000r\000e\000n\000f\000i\000l\000t\000e\000r\000-\000I\000n\000t\000e\000r\000f\000a\000c\000e}{subsection.4.4}% 68
\BOOKMARK [3][-]{subsubsection.4.4.6}{\376\377\000E\000-\000M\000a\000i\000l\000-\000K\000o\000m\000p\000o\000s\000i\000t\000i\000o\000n\000s\000-\000I\000n\000t\000e\000r\000f\000a\000c\000e}{subsection.4.4}% 69
\BOOKMARK [3][-]{subsubsection.4.4.7}{\376\377\000F\000o\000r\000t\000s\000c\000h\000r\000i\000t\000t\000s\000a\000n\000z\000e\000i\000g\000e\000n\000\040\000f\000\374\000r\000\040\000B\000u\000l\000k\000-\000E\000-\000M\000a\000i\000l\000s}{subsection.4.4}% 70
\BOOKMARK [2][-]{subsection.4.5}{\376\377\000I\000n\000t\000e\000g\000r\000a\000t\000i\000o\000n\000\040\000u\000n\000d\000\040\000S\000y\000s\000t\000e\000m\000t\000e\000s\000t}{section.4}% 71
\BOOKMARK [3][-]{subsubsection.4.5.1}{\376\377\000U\000n\000i\000t\000\040\000T\000e\000s\000t\000s\000\040\000f\000\374\000r\000\040\000B\000a\000c\000k\000e\000n\000d\000-\000K\000o\000m\000p\000o\000n\000e\000n\000t\000e\000n}{subsection.4.5}% 72
\BOOKMARK [3][-]{subsubsection.4.5.2}{\376\377\000F\000r\000o\000n\000t\000e\000n\000d\000-\000T\000e\000s\000t\000s}{subsection.4.5}% 73
\BOOKMARK [3][-]{subsubsection.4.5.3}{\376\377\000I\000n\000t\000e\000g\000r\000a\000t\000i\000o\000n\000s\000t\000e\000s\000t\000s}{subsection.4.5}% 74
\BOOKMARK [3][-]{subsubsection.4.5.4}{\376\377\000E\000-\000M\000a\000i\000l\000-\000D\000e\000l\000i\000v\000e\000r\000y\000-\000T\000e\000s\000t\000s}{subsection.4.5}% 75
\BOOKMARK [3][-]{subsubsection.4.5.5}{\376\377\000P\000e\000r\000f\000o\000r\000m\000a\000n\000c\000e\000-\000T\000e\000s\000t\000s}{subsection.4.5}% 76
\BOOKMARK [2][-]{subsection.4.6}{\376\377\000U\000s\000a\000b\000i\000l\000i\000t\000y\000\040\000T\000e\000s\000t\000i\000n\000g}{section.4}% 77
\BOOKMARK [3][-]{subsubsection.4.6.1}{\376\377\000T\000e\000s\000t\000s\000z\000e\000n\000a\000r\000i\000e\000n\000\040\000m\000i\000t\000\040\000M\000S\000O\000s\000/\000D\000O\000s}{subsection.4.6}% 78
\BOOKMARK [3][-]{subsubsection.4.6.2}{\376\377\000F\000e\000e\000d\000b\000a\000c\000k\000-\000I\000n\000t\000e\000g\000r\000a\000t\000i\000o\000n}{subsection.4.6}% 79
\BOOKMARK [3][-]{subsubsection.4.6.3}{\376\377\000U\000I\000/\000U\000X\000-\000O\000p\000t\000i\000m\000i\000e\000r\000u\000n\000g\000e\000n}{subsection.4.6}% 80
\BOOKMARK [1][-]{section.5}{\376\377\000S\000y\000s\000t\000e\000m\000f\000u\000n\000k\000t\000i\000o\000n\000a\000l\000i\000t\000\344\000t\000e\000n}{}% 81
\BOOKMARK [2][-]{subsection.5.1}{\376\377\000M\000S\000O\000/\000D\000O\000-\000D\000a\000s\000h\000b\000o\000a\000r\000d}{section.5}% 82
\BOOKMARK [3][-]{subsubsection.5.1.1}{\376\377\000\334\000b\000e\000r\000s\000i\000c\000h\000t\000\040\000d\000e\000r\000\040\000z\000u\000g\000e\000o\000r\000d\000n\000e\000t\000e\000n\000\040\000S\000e\000s\000s\000i\000o\000n\000s}{subsection.5.1}% 83
\BOOKMARK [3][-]{subsubsection.5.1.2}{\376\377\000A\000u\000t\000o\000r\000e\000n\000l\000i\000s\000t\000e\000n\000-\000A\000n\000z\000e\000i\000g\000e}{subsection.5.1}% 84
\BOOKMARK [3][-]{subsubsection.5.1.3}{\376\377\000K\000o\000m\000m\000u\000n\000i\000k\000a\000t\000i\000o\000n\000s\000h\000i\000s\000t\000o\000r\000i\000e}{subsection.5.1}% 85
\BOOKMARK [2][-]{subsection.5.2}{\376\377\000A\000u\000t\000o\000r\000e\000n\000f\000i\000l\000t\000e\000r\000-\000S\000y\000s\000t\000e\000m}{section.5}% 86
\BOOKMARK [3][-]{subsubsection.5.2.1}{\376\377\000F\000i\000l\000t\000e\000r\000\040\000n\000a\000c\000h\000\040\000S\000e\000s\000s\000i\000o\000n\000s\000\040\000\050\000A\0000\000.\0001\000,\000\040\000A\0000\000.\0002\000,\000\040\000e\000t\000c\000.\000\051}{subsection.5.2}% 87
\BOOKMARK [3][-]{subsubsection.5.2.2}{\376\377\000F\000i\000l\000t\000e\000r\000\040\000n\000a\000c\000h\000\040\000A\000u\000t\000o\000r\000e\000n\000t\000y\000p\000\040\000\050\000P\000r\000e\000s\000e\000n\000t\000i\000n\000g\000\040\000A\000u\000t\000h\000o\000r\000,\000\040\000C\000o\000-\000A\000u\000t\000h\000o\000r\000\051}{subsection.5.2}% 88
\BOOKMARK [3][-]{subsubsection.5.2.3}{\376\377\000F\000i\000l\000t\000e\000r\000\040\000n\000a\000c\000h\000\040\000A\000b\000s\000t\000r\000a\000c\000t\000-\000S\000t\000a\000t\000u\000s}{subsection.5.2}% 89
\BOOKMARK [3][-]{subsubsection.5.2.4}{\376\377\000K\000o\000m\000b\000i\000n\000i\000e\000r\000t\000e\000\040\000F\000i\000l\000t\000e\000r}{subsection.5.2}% 90
\BOOKMARK [2][-]{subsection.5.3}{\376\377\000E\000-\000M\000a\000i\000l\000-\000K\000o\000m\000p\000o\000s\000i\000t\000i\000o\000n\000s\000s\000y\000s\000t\000e\000m}{section.5}% 91
\BOOKMARK [3][-]{subsubsection.5.3.1}{\376\377\000W\000Y\000S\000I\000W\000Y\000G\000-\000E\000d\000i\000t\000o\000r}{subsection.5.3}% 92
\BOOKMARK [3][-]{subsubsection.5.3.2}{\376\377\000E\000-\000M\000a\000i\000l\000-\000V\000o\000r\000l\000a\000g\000e\000n}{subsection.5.3}% 93
\BOOKMARK [3][-]{subsubsection.5.3.3}{\376\377\000A\000n\000h\000\344\000n\000g\000e\000-\000M\000a\000n\000a\000g\000e\000m\000e\000n\000t}{subsection.5.3}% 94
\BOOKMARK [3][-]{subsubsection.5.3.4}{\376\377\000V\000o\000r\000s\000c\000h\000a\000u\000-\000F\000u\000n\000k\000t\000i\000o\000n\000a\000l\000i\000t\000\344\000t}{subsection.5.3}% 95
\BOOKMARK [2][-]{subsection.5.4}{\376\377\000B\000u\000l\000k\000-\000E\000-\000M\000a\000i\000l\000-\000F\000u\000n\000k\000t\000i\000o\000n\000a\000l\000i\000t\000\344\000t}{section.5}% 96
\BOOKMARK [3][-]{subsubsection.5.4.1}{\376\377\000E\000m\000p\000f\000\344\000n\000g\000e\000r\000l\000i\000s\000t\000e\000n\000-\000M\000a\000n\000a\000g\000e\000m\000e\000n\000t}{subsection.5.4}% 97
\BOOKMARK [3][-]{subsubsection.5.4.2}{\376\377\000B\000a\000t\000c\000h\000-\000V\000e\000r\000a\000r\000b\000e\000i\000t\000u\000n\000g}{subsection.5.4}% 98
\BOOKMARK [3][-]{subsubsection.5.4.3}{\376\377\000D\000e\000l\000i\000v\000e\000r\000y\000-\000S\000t\000a\000t\000u\000s\000-\000T\000r\000a\000c\000k\000i\000n\000g}{subsection.5.4}% 99
\BOOKMARK [3][-]{subsubsection.5.4.4}{\376\377\000F\000e\000h\000l\000e\000r\000b\000e\000h\000a\000n\000d\000l\000u\000n\000g\000\040\000u\000n\000d\000\040\000R\000e\000t\000r\000y\000-\000M\000e\000c\000h\000a\000n\000i\000s\000m\000e\000n}{subsection.5.4}% 100
\BOOKMARK [2][-]{subsection.5.5}{\376\377\000K\000o\000m\000m\000u\000n\000i\000k\000a\000t\000i\000o\000n\000s\000h\000i\000s\000t\000o\000r\000i\000e}{section.5}% 101
\BOOKMARK [3][-]{subsubsection.5.5.1}{\376\377\000S\000e\000n\000t\000-\000E\000-\000M\000a\000i\000l\000-\000A\000r\000c\000h\000i\000v}{subsection.5.5}% 102
\BOOKMARK [3][-]{subsubsection.5.5.2}{\376\377\000S\000u\000c\000h\000f\000u\000n\000k\000t\000i\000o\000n\000e\000n}{subsection.5.5}% 103
\BOOKMARK [3][-]{subsubsection.5.5.3}{\376\377\000E\000x\000p\000o\000r\000t\000-\000F\000u\000n\000k\000t\000i\000o\000n\000e\000n}{subsection.5.5}% 104
\BOOKMARK [1][-]{section.6}{\376\377\000T\000e\000s\000t\000e\000n\000\040\000u\000n\000d\000\040\000Q\000u\000a\000l\000i\000t\000\344\000t\000s\000s\000i\000c\000h\000e\000r\000u\000n\000g}{}% 105
\BOOKMARK [2][-]{subsection.6.1}{\376\377\000T\000e\000s\000t\000k\000o\000n\000z\000e\000p\000t}{section.6}% 106
\BOOKMARK [2][-]{subsection.6.2}{\376\377\000U\000n\000i\000t\000\040\000T\000e\000s\000t\000i\000n\000g}{section.6}% 107
\BOOKMARK [3][-]{subsubsection.6.2.1}{\376\377\000B\000a\000c\000k\000e\000n\000d\000-\000U\000n\000i\000t\000-\000T\000e\000s\000t\000s}{subsection.6.2}% 108
\BOOKMARK [3][-]{subsubsection.6.2.2}{\376\377\000J\000a\000v\000a\000S\000c\000r\000i\000p\000t\000-\000U\000n\000i\000t\000-\000T\000e\000s\000t\000s}{subsection.6.2}% 109
\BOOKMARK [2][-]{subsection.6.3}{\376\377\000I\000n\000t\000e\000g\000r\000a\000t\000i\000o\000n\000s\000t\000e\000s\000t\000s}{section.6}% 110
\BOOKMARK [3][-]{subsubsection.6.3.1}{\376\377\000D\000a\000t\000e\000n\000b\000a\000n\000k\000-\000I\000n\000t\000e\000g\000r\000a\000t\000i\000o\000n}{subsection.6.3}% 111
\BOOKMARK [3][-]{subsubsection.6.3.2}{\376\377\000E\000-\000M\000a\000i\000l\000-\000S\000y\000s\000t\000e\000m\000-\000I\000n\000t\000e\000g\000r\000a\000t\000i\000o\000n}{subsection.6.3}% 112
\BOOKMARK [2][-]{subsection.6.4}{\376\377\000S\000y\000s\000t\000e\000m\000t\000e\000s\000t\000s}{section.6}% 113
\BOOKMARK [3][-]{subsubsection.6.4.1}{\376\377\000E\000n\000d\000-\000t\000o\000-\000E\000n\000d\000-\000T\000e\000s\000t\000s}{subsection.6.4}% 114
\BOOKMARK [3][-]{subsubsection.6.4.2}{\376\377\000P\000e\000r\000f\000o\000r\000m\000a\000n\000c\000e\000-\000T\000e\000s\000t\000s}{subsection.6.4}% 115
\BOOKMARK [3][-]{subsubsection.6.4.3}{\376\377\000S\000e\000c\000u\000r\000i\000t\000y\000-\000T\000e\000s\000t\000s}{subsection.6.4}% 116
\BOOKMARK [2][-]{subsection.6.5}{\376\377\000U\000s\000e\000r\000\040\000A\000c\000c\000e\000p\000t\000a\000n\000c\000e\000\040\000T\000e\000s\000t\000i\000n\000g}{section.6}% 117
\BOOKMARK [3][-]{subsubsection.6.5.1}{\376\377\000M\000S\000O\000/\000D\000O\000-\000F\000e\000e\000d\000b\000a\000c\000k\000-\000S\000e\000s\000s\000i\000o\000n\000s}{subsection.6.5}% 118
\BOOKMARK [3][-]{subsubsection.6.5.2}{\376\377\000U\000s\000a\000b\000i\000l\000i\000t\000y\000-\000T\000e\000s\000t\000s}{subsection.6.5}% 119
\BOOKMARK [2][-]{subsection.6.6}{\376\377\000F\000e\000h\000l\000e\000r\000b\000e\000h\000e\000b\000u\000n\000g\000\040\000u\000n\000d\000\040\000O\000p\000t\000i\000m\000i\000e\000r\000u\000n\000g}{section.6}% 120
\BOOKMARK [1][-]{section.7}{\376\377\000D\000e\000p\000l\000o\000y\000m\000e\000n\000t\000\040\000u\000n\000d\000\040\000G\000o\000-\000L\000i\000v\000e}{}% 121
\BOOKMARK [2][-]{subsection.7.1}{\376\377\000P\000r\000o\000d\000u\000k\000t\000i\000o\000n\000s\000u\000m\000g\000e\000b\000u\000n\000g}{section.7}% 122
\BOOKMARK [3][-]{subsubsection.7.1.1}{\376\377\000S\000e\000r\000v\000e\000r\000-\000K\000o\000n\000f\000i\000g\000u\000r\000a\000t\000i\000o\000n}{subsection.7.1}% 123
\BOOKMARK [3][-]{subsubsection.7.1.2}{\376\377\000D\000a\000t\000e\000n\000b\000a\000n\000k\000-\000M\000i\000g\000r\000a\000t\000i\000o\000n}{subsection.7.1}% 124
\BOOKMARK [3][-]{subsubsection.7.1.3}{\376\377\000E\000-\000M\000a\000i\000l\000-\000S\000e\000r\000v\000e\000r\000-\000S\000e\000t\000u\000p}{subsection.7.1}% 125
\BOOKMARK [2][-]{subsection.7.2}{\376\377\000D\000e\000p\000l\000o\000y\000m\000e\000n\000t\000-\000S\000t\000r\000a\000t\000e\000g\000i\000e}{section.7}% 126
\BOOKMARK [3][-]{subsubsection.7.2.1}{\376\377\000S\000t\000a\000g\000i\000n\000g\000-\000E\000n\000v\000i\000r\000o\000n\000m\000e\000n\000t}{subsection.7.2}% 127
\BOOKMARK [3][-]{subsubsection.7.2.2}{\376\377\000P\000r\000o\000d\000u\000c\000t\000i\000o\000n\000-\000D\000e\000p\000l\000o\000y\000m\000e\000n\000t}{subsection.7.2}% 128
\BOOKMARK [3][-]{subsubsection.7.2.3}{\376\377\000R\000o\000l\000l\000b\000a\000c\000k\000-\000S\000t\000r\000a\000t\000e\000g\000i\000e\000n}{subsection.7.2}% 129
\BOOKMARK [2][-]{subsection.7.3}{\376\377\000M\000o\000n\000i\000t\000o\000r\000i\000n\000g\000\040\000u\000n\000d\000\040\000L\000o\000g\000g\000i\000n\000g}{section.7}% 130
\BOOKMARK [3][-]{subsubsection.7.3.1}{\376\377\000S\000y\000s\000t\000e\000m\000-\000M\000o\000n\000i\000t\000o\000r\000i\000n\000g}{subsection.7.3}% 131
\BOOKMARK [3][-]{subsubsection.7.3.2}{\376\377\000E\000-\000M\000a\000i\000l\000-\000D\000e\000l\000i\000v\000e\000r\000y\000-\000M\000o\000n\000i\000t\000o\000r\000i\000n\000g}{subsection.7.3}% 132
\BOOKMARK [3][-]{subsubsection.7.3.3}{\376\377\000E\000r\000r\000o\000r\000-\000L\000o\000g\000g\000i\000n\000g}{subsection.7.3}% 133
\BOOKMARK [2][-]{subsection.7.4}{\376\377\000S\000c\000h\000u\000l\000u\000n\000g\000\040\000u\000n\000d\000\040\000D\000o\000k\000u\000m\000e\000n\000t\000a\000t\000i\000o\000n}{section.7}% 134
\BOOKMARK [3][-]{subsubsection.7.4.1}{\376\377\000B\000e\000n\000u\000t\000z\000e\000r\000h\000a\000n\000d\000b\000u\000c\000h\000\040\000f\000\374\000r\000\040\000M\000S\000O\000s\000/\000D\000O\000s}{subsection.7.4}% 135
\BOOKMARK [3][-]{subsubsection.7.4.2}{\376\377\000A\000d\000m\000i\000n\000i\000s\000t\000r\000a\000t\000o\000r\000-\000D\000o\000k\000u\000m\000e\000n\000t\000a\000t\000i\000o\000n}{subsection.7.4}% 136
\BOOKMARK [3][-]{subsubsection.7.4.3}{\376\377\000T\000e\000c\000h\000n\000i\000s\000c\000h\000e\000\040\000D\000o\000k\000u\000m\000e\000n\000t\000a\000t\000i\000o\000n}{subsection.7.4}% 137
\BOOKMARK [1][-]{section.8}{\376\377\000P\000r\000o\000j\000e\000k\000t\000a\000b\000s\000c\000h\000l\000u\000s\000s}{}% 138
\BOOKMARK [2][-]{subsection.8.1}{\376\377\000S\000o\000l\000l\000-\000I\000s\000t\000-\000V\000e\000r\000g\000l\000e\000i\000c\000h}{section.8}% 139
\BOOKMARK [3][-]{subsubsection.8.1.1}{\376\377\000E\000r\000f\000\374\000l\000l\000u\000n\000g\000\040\000d\000e\000r\000\040\000f\000u\000n\000k\000t\000i\000o\000n\000a\000l\000e\000n\000\040\000A\000n\000f\000o\000r\000d\000e\000r\000u\000n\000g\000e\000n}{subsection.8.1}% 140
\BOOKMARK [3][-]{subsubsection.8.1.2}{\376\377\000P\000e\000r\000f\000o\000r\000m\000a\000n\000c\000e\000-\000B\000e\000w\000e\000r\000t\000u\000n\000g}{subsection.8.1}% 141
\BOOKMARK [3][-]{subsubsection.8.1.3}{\376\377\000Z\000e\000i\000t\000p\000l\000a\000n\000-\000A\000n\000a\000l\000y\000s\000e}{subsection.8.1}% 142
\BOOKMARK [2][-]{subsection.8.2}{\376\377\000A\000u\000s\000b\000l\000i\000c\000k\000\040\000u\000n\000d\000\040\000N\000u\000t\000z\000e\000n\000\040\000f\000\374\000r\000\040\000C\000O\000S\000P\000A\000R}{section.8}% 143
\BOOKMARK [3][-]{subsubsection.8.2.1}{\376\377\000E\000f\000f\000i\000z\000i\000e\000n\000z\000s\000t\000e\000i\000g\000e\000r\000u\000n\000g\000\040\000i\000n\000\040\000d\000e\000r\000\040\000M\000S\000O\000/\000D\000O\000-\000K\000o\000m\000m\000u\000n\000i\000k\000a\000t\000i\000o\000n}{subsection.8.2}% 144
\BOOKMARK [3][-]{subsubsection.8.2.2}{\376\377\000Z\000e\000i\000t\000e\000r\000s\000p\000a\000r\000n\000i\000s\000\040\000u\000n\000d\000\040\000F\000e\000h\000l\000e\000r\000r\000e\000d\000u\000k\000t\000i\000o\000n}{subsection.8.2}% 145
\BOOKMARK [3][-]{subsubsection.8.2.3}{\376\377\000Z\000u\000k\000\374\000n\000f\000t\000i\000g\000e\000\040\000E\000r\000w\000e\000i\000t\000e\000r\000u\000n\000g\000s\000m\000\366\000g\000l\000i\000c\000h\000k\000e\000i\000t\000e\000n}{subsection.8.2}% 146
\BOOKMARK [2][-]{subsection.8.3}{\376\377\000R\000e\000f\000l\000e\000x\000i\000o\000n}{section.8}% 147
\BOOKMARK [3][-]{subsubsection.8.3.1}{\376\377\000P\000r\000o\000j\000e\000k\000t\000v\000e\000r\000l\000a\000u\000f\000\040\000u\000n\000d\000\040\000H\000e\000r\000a\000u\000s\000f\000o\000r\000d\000e\000r\000u\000n\000g\000e\000n}{subsection.8.3}% 148
\BOOKMARK [3][-]{subsubsection.8.3.2}{\376\377\000L\000e\000s\000s\000o\000n\000s\000\040\000L\000e\000a\000r\000n\000e\000d}{subsection.8.3}% 149
\BOOKMARK [3][-]{subsubsection.8.3.3}{\376\377\000P\000e\000r\000s\000\366\000n\000l\000i\000c\000h\000e\000\040\000E\000n\000t\000w\000i\000c\000k\000l\000u\000n\000g}{subsection.8.3}% 150
\BOOKMARK [2][-]{subsection.8.4}{\376\377\000F\000a\000z\000i\000t}{section.8}% 151
\BOOKMARK [1][-]{appendix.A}{\376\377\000Q\000u\000e\000l\000l\000c\000o\000d\000e\000-\000A\000u\000s\000z\000\374\000g\000e}{}% 152
\BOOKMARK [2][-]{subsection.A.1}{\376\377\000P\000H\000P\000-\000B\000a\000c\000k\000e\000n\000d\000-\000C\000o\000d\000e}{appendix.A}% 153
\BOOKMARK [2][-]{subsection.A.2}{\376\377\000J\000a\000v\000a\000S\000c\000r\000i\000p\000t\000-\000F\000r\000o\000n\000t\000e\000n\000d\000-\000C\000o\000d\000e}{appendix.A}% 154
\BOOKMARK [2][-]{subsection.A.3}{\376\377\000S\000Q\000L\000-\000D\000a\000t\000e\000n\000b\000a\000n\000k\000s\000k\000r\000i\000p\000t\000e}{appendix.A}% 155
\BOOKMARK [2][-]{subsection.A.4}{\376\377\000C\000S\000S\000-\000S\000t\000y\000l\000e\000s\000h\000e\000e\000t\000s}{appendix.A}% 156
\BOOKMARK [1][-]{appendix.B}{\376\377\000S\000c\000r\000e\000e\000n\000s\000h\000o\000t\000s}{}% 157
\BOOKMARK [2][-]{subsection.B.1}{\376\377\000M\000S\000O\000/\000D\000O\000-\000D\000a\000s\000h\000b\000o\000a\000r\000d}{appendix.B}% 158
\BOOKMARK [2][-]{subsection.B.2}{\376\377\000A\000u\000t\000o\000r\000e\000n\000f\000i\000l\000t\000e\000r\000-\000I\000n\000t\000e\000r\000f\000a\000c\000e}{appendix.B}% 159
\BOOKMARK [2][-]{subsection.B.3}{\376\377\000E\000-\000M\000a\000i\000l\000-\000K\000o\000m\000p\000o\000s\000i\000t\000i\000o\000n\000s\000-\000S\000y\000s\000t\000e\000m}{appendix.B}% 160
\BOOKMARK [2][-]{subsection.B.4}{\376\377\000B\000u\000l\000k\000-\000E\000-\000M\000a\000i\000l\000-\000I\000n\000t\000e\000r\000f\000a\000c\000e}{appendix.B}% 161
\BOOKMARK [1][-]{appendix.C}{\376\377\000T\000e\000s\000t\000p\000r\000o\000t\000o\000k\000o\000l\000l\000e}{}% 162
\BOOKMARK [2][-]{subsection.C.1}{\376\377\000U\000n\000i\000t\000-\000T\000e\000s\000t\000-\000E\000r\000g\000e\000b\000n\000i\000s\000s\000e}{appendix.C}% 163
\BOOKMARK [2][-]{subsection.C.2}{\376\377\000I\000n\000t\000e\000g\000r\000a\000t\000i\000o\000n\000s\000-\000T\000e\000s\000t\000-\000P\000r\000o\000t\000o\000k\000o\000l\000l\000e}{appendix.C}% 164
\BOOKMARK [2][-]{subsection.C.3}{\376\377\000U\000s\000e\000r\000-\000A\000c\000c\000e\000p\000t\000a\000n\000c\000e\000-\000T\000e\000s\000t\000-\000B\000e\000r\000i\000c\000h\000t\000e}{appendix.C}% 165
\BOOKMARK [1][-]{appendix.D}{\376\377\000D\000a\000t\000e\000n\000b\000a\000n\000k\000-\000S\000c\000h\000e\000m\000a}{}% 166
\BOOKMARK [2][-]{subsection.D.1}{\376\377\000E\000R\000D\000\040\000\050\000E\000n\000t\000i\000t\000y\000-\000R\000e\000l\000a\000t\000i\000o\000n\000s\000h\000i\000p\000-\000D\000i\000a\000g\000r\000a\000m\000m\000\051}{appendix.D}% 167
\BOOKMARK [2][-]{subsection.D.2}{\376\377\000T\000a\000b\000e\000l\000l\000e\000n\000-\000D\000e\000f\000i\000n\000i\000t\000i\000o\000n\000e\000n}{appendix.D}% 168
\BOOKMARK [2][-]{subsection.D.3}{\376\377\000I\000n\000d\000e\000x\000-\000S\000t\000r\000a\000t\000e\000g\000i\000e\000n}{appendix.D}% 169
\BOOKMARK [1][-]{appendix.E}{\376\377\000E\000-\000M\000a\000i\000l\000-\000T\000e\000m\000p\000l\000a\000t\000e\000s}{}% 170
\BOOKMARK [2][-]{subsection.E.1}{\376\377\000S\000t\000a\000n\000d\000a\000r\000d\000-\000B\000e\000n\000a\000c\000h\000r\000i\000c\000h\000t\000i\000g\000u\000n\000g\000s\000v\000o\000r\000l\000a\000g\000e\000n}{appendix.E}% 171
\BOOKMARK [2][-]{subsection.E.2}{\376\377\000S\000e\000s\000s\000i\000o\000n\000-\000s\000p\000e\000z\000i\000f\000i\000s\000c\000h\000e\000\040\000V\000o\000r\000l\000a\000g\000e\000n}{appendix.E}% 172
\BOOKMARK [2][-]{subsection.E.3}{\376\377\000M\000e\000h\000r\000s\000p\000r\000a\000c\000h\000i\000g\000e\000\040\000T\000e\000m\000p\000l\000a\000t\000e\000s}{appendix.E}% 173
\BOOKMARK [1][-]{appendix.F}{\376\377\000P\000r\000o\000j\000e\000k\000t\000p\000l\000a\000n\000\040\000\050\000G\000a\000n\000t\000t\000-\000D\000i\000a\000g\000r\000a\000m\000m\000\051}{}% 174
\BOOKMARK [1][-]{appendix.G}{\376\377\000G\000l\000o\000s\000s\000a\000r}{}% 175
